<?xml version="1.0" encoding="UTF-8"?>
<testng-results skipped="0" failed="0" total="2" passed="2">
  <reporter-output>
  </reporter-output>
  <suite name="Default suite" duration-ms="39" started-at="2018-02-21T13:46:39Z" finished-at="2018-02-21T13:46:39Z">
    <groups>
    </groups>
    <test name="Default test" duration-ms="39" started-at="2018-02-21T13:46:39Z" finished-at="2018-02-21T13:46:39Z">
      <class name="com.jenkinsmaven.JenkinsMavenTest">
        <test-method status="PASS" signature="firstTest()[pri:0, instance:com.jenkinsmaven.JenkinsMavenTest@4313f5bc]" name="firstTest" duration-ms="14" started-at="2018-02-21T19:16:39Z" finished-at="2018-02-21T19:16:39Z">
          <reporter-output>
          </reporter-output>
        </test-method> <!-- firstTest -->
        <test-method status="PASS" signature="secondTest()[pri:0, instance:com.jenkinsmaven.JenkinsMavenTest@4313f5bc]" name="secondTest" duration-ms="2" started-at="2018-02-21T19:16:39Z" finished-at="2018-02-21T19:16:39Z">
          <reporter-output>
          </reporter-output>
        </test-method> <!-- secondTest -->
      </class> <!-- com.jenkinsmaven.JenkinsMavenTest -->
    </test> <!-- Default test -->
  </suite> <!-- Default suite -->
</testng-results>
